[debug] [2025-02-03T14:54:25.588Z] ----------------------------------------------------------------------
[debug] [2025-02-03T14:54:25.590Z] Command:       /usr/local/bin/node /Users/nsgctty/.npm-global/bin/firebase init
[debug] [2025-02-03T14:54:25.590Z] CLI Version:   13.29.3
[debug] [2025-02-03T14:54:25.590Z] Platform:      darwin
[debug] [2025-02-03T14:54:25.590Z] Node Version:  v20.15.1
[debug] [2025-02-03T14:54:25.590Z] Time:          Mon Feb 03 2025 23:54:25 GMT+0900 (日本標準時)
[debug] [2025-02-03T14:54:25.591Z] ----------------------------------------------------------------------
[debug] 
[debug] [2025-02-03T14:54:25.594Z] > command requires scopes: ["email","openid","https://www.googleapis.com/auth/cloudplatformprojects.readonly","https://www.googleapis.com/auth/firebase","https://www.googleapis.com/auth/cloud-platform"]
[debug] [2025-02-03T14:54:25.594Z] > authorizing via signed-in user (nsgctty@gmail.com)
[info] 
     ######## #### ########  ######## ########     ###     ######  ########
     ##        ##  ##     ## ##       ##     ##  ##   ##  ##       ##
     ######    ##  ########  ######   ########  #########  ######  ######
     ##        ##  ##    ##  ##       ##     ## ##     ##       ## ##
     ##       #### ##     ## ######## ########  ##     ##  ######  ########

You're about to initialize a Firebase project in this directory:

  /Users/nsgctty/dev/setanta-app

[info] 
=== Project Setup
[info] 
[info] First, let's associate this project directory with a Firebase project.
[info] You can create multiple project aliases by running firebase use --add, 
[info] but for now we'll just set up a default project.
[info] 
[info] i  If you want to create a project in a Google Cloud organization or folder, please use "firebase projects:create" instead, and return to this command when you've created the project. 
[debug] [2025-02-03T14:56:45.474Z] Checked if tokens are valid: true, expires at: 1738597548762
[debug] [2025-02-03T14:56:45.474Z] Checked if tokens are valid: true, expires at: 1738597548762
[debug] [2025-02-03T14:56:45.475Z] >>> [apiv2][query] POST https://cloudresourcemanager.googleapis.com/v1/projects [none]
[debug] [2025-02-03T14:56:45.476Z] >>> [apiv2][body] POST https://cloudresourcemanager.googleapis.com/v1/projects {"projectId":"db_training","name":"db_training"}
[debug] [2025-02-03T14:56:46.403Z] <<< [apiv2][status] POST https://cloudresourcemanager.googleapis.com/v1/projects 400
[debug] [2025-02-03T14:56:46.403Z] <<< [apiv2][body] POST https://cloudresourcemanager.googleapis.com/v1/projects {"error":{"code":400,"message":"Request contains an invalid argument.","status":"INVALID_ARGUMENT","details":[{"@type":"type.googleapis.com/google.rpc.BadRequest","fieldViolations":[{"field":"project_id","description":"project_id contains invalid characters"},{"field":"display_name","description":"project display name contains invalid characters"}]},{"@type":"type.googleapis.com/google.rpc.Help","links":[{"url":"https://cloud.google.com/resource-manager/reference/rest/v1/projects"}]}]}}
[debug] [2025-02-03T14:56:46.405Z] FirebaseError: Request to https://cloudresourcemanager.googleapis.com/v1/projects had HTTP Error: 400, Request contains an invalid argument.
    at responseToError (/Users/nsgctty/.npm-global/lib/node_modules/firebase-tools/lib/responseToError.js:52:12)
    at RetryOperation._fn (/Users/nsgctty/.npm-global/lib/node_modules/firebase-tools/lib/apiv2.js:312:77)
    at process.processTicksAndRejections (node:internal/process/task_queues:95:5)
[error] 
[error] Error: Failed to create project. See firebase-debug.log for more info.
